2025-05-16T10:48:41.344Z [ITTERM] info: oddiy log
2025-05-16T10:48:41.346Z [ITTERM] error: error log
2025-05-16T10:48:41.346Z [ITTERM] warn: warn log
2025-05-16T10:48:41.346Z [ITTERM] info: info log
2025-05-16T10:50:46.392Z [ITTERM] info: oddiy log
2025-05-16T10:50:46.393Z [ITTERM] error: error log
2025-05-16T10:50:46.394Z [ITTERM] warn: warn log
2025-05-16T10:50:46.394Z [ITTERM] info: info log
2025-05-16T10:50:49.107Z [ITTERM] info: oddiy log
2025-05-16T10:50:49.109Z [ITTERM] error: error log
2025-05-16T10:50:49.109Z [ITTERM] warn: warn log
2025-05-16T10:50:49.109Z [ITTERM] info: info log
2025-05-16T10:50:53.236Z [ITTERM] info: oddiy log
2025-05-16T10:50:53.238Z [ITTERM] error: error log
2025-05-16T10:50:53.239Z [ITTERM] warn: warn log
2025-05-16T10:50:53.239Z [ITTERM] info: info log
2025-05-16T10:50:56.134Z [ITTERM] info: oddiy log
2025-05-16T10:50:56.135Z [ITTERM] error: error log
2025-05-16T10:50:56.135Z [ITTERM] warn: warn log
2025-05-16T10:50:56.135Z [ITTERM] info: info log
2025-05-16T10:54:33.494Z [ITTERM] info: oddiy log
2025-05-16T10:54:33.496Z [ITTERM] error: error log
2025-05-16T10:54:33.497Z [ITTERM] warn: warn log
2025-05-16T10:54:33.497Z [ITTERM] info: info log
2025-05-16T10:55:15.676Z [ITTERM] info: oddiy log
2025-05-16T10:55:15.678Z [ITTERM] error: error log
2025-05-16T10:55:15.678Z [ITTERM] warn: warn log
2025-05-16T10:55:15.678Z [ITTERM] info: info log
2025-05-16T10:55:37.171Z [ITTERM] info: oddiy log
2025-05-16T10:55:37.173Z [ITTERM] error: error log
2025-05-16T10:55:37.173Z [ITTERM] warn: warn log
2025-05-16T10:55:37.173Z [ITTERM] info: info log
2025-05-16T10:55:39.977Z [ITTERM] info: oddiy log
2025-05-16T10:55:39.980Z [ITTERM] error: error log
2025-05-16T10:55:39.980Z [ITTERM] warn: warn log
2025-05-16T10:55:39.980Z [ITTERM] info: info log
2025-05-16T10:55:45.697Z [ITTERM] info: oddiy log
2025-05-16T10:55:45.699Z [ITTERM] error: error log
2025-05-16T10:55:45.699Z [ITTERM] warn: warn log
2025-05-16T10:55:45.699Z [ITTERM] info: info log
2025-05-16T10:56:47.820Z [ITTERM] info: oddiy log
2025-05-16T10:56:47.821Z [ITTERM] error: error log
2025-05-16T10:56:47.822Z [ITTERM] warn: warn log
2025-05-16T10:56:47.822Z [ITTERM] info: info log
2025-05-16T10:56:50.202Z [ITTERM] info: oddiy log
2025-05-16T10:56:50.203Z [ITTERM] error: error log
2025-05-16T10:56:50.204Z [ITTERM] warn: warn log
2025-05-16T10:56:50.204Z [ITTERM] info: info log
2025-05-16T10:56:55.932Z [ITTERM] info: oddiy log
2025-05-16T10:56:55.934Z [ITTERM] error: error log
2025-05-16T10:56:55.934Z [ITTERM] warn: warn log
2025-05-16T10:56:55.934Z [ITTERM] info: info log
2025-05-16T10:56:59.221Z [ITTERM] info: oddiy log
2025-05-16T10:56:59.222Z [ITTERM] error: error log
2025-05-16T10:56:59.223Z [ITTERM] warn: warn log
2025-05-16T10:56:59.223Z [ITTERM] info: info log
2025-05-16T10:57:00.849Z [ITTERM] info: oddiy log
2025-05-16T10:57:00.851Z [ITTERM] error: error log
2025-05-16T10:57:00.852Z [ITTERM] warn: warn log
2025-05-16T10:57:00.852Z [ITTERM] info: info log
2025-05-16T10:57:25.493Z [ITTERM] info: oddiy log
2025-05-16T10:57:25.495Z [ITTERM] error: error log
2025-05-16T10:57:25.496Z [ITTERM] warn: warn log
2025-05-16T10:57:25.496Z [ITTERM] info: info log
2025-05-16T10:57:27.521Z [ITTERM] info: oddiy log
2025-05-16T10:57:27.523Z [ITTERM] error: error log
2025-05-16T10:57:27.523Z [ITTERM] warn: warn log
2025-05-16T10:57:27.523Z [ITTERM] info: info log
2025-05-16T10:57:40.000Z [ITTERM] info: oddiy log
2025-05-16T10:57:40.002Z [ITTERM] error: error log
2025-05-16T10:57:40.002Z [ITTERM] warn: warn log
2025-05-16T10:57:40.002Z [ITTERM] info: info log
2025-05-16T10:58:22.219Z [ITTERM] error: Expected ',' or '}' after property value in JSON at position 42 (line 3 column 5)
2025-05-16T10:59:46.815Z [ITTERM] info: oddiy log
2025-05-16T10:59:46.817Z [ITTERM] error: error log
2025-05-16T10:59:46.818Z [ITTERM] warn: warn log
2025-05-16T10:59:46.818Z [ITTERM] info: info log
2025-05-16T11:05:46.144Z [ITTERM] info: oddiy log
2025-05-16T11:05:46.146Z [ITTERM] error: error log
2025-05-16T11:05:46.146Z [ITTERM] warn: warn log
2025-05-16T11:05:46.146Z [ITTERM] info: info log
2025-05-16T11:12:58.119Z [ITTERM] info: oddiy log
2025-05-16T11:12:58.126Z [ITTERM] error: error log
2025-05-16T11:12:58.126Z [ITTERM] warn: warn log
2025-05-16T11:12:58.126Z [ITTERM] info: info log
2025-05-16T11:13:06.176Z [ITTERM] info: oddiy log
2025-05-16T11:13:06.177Z [ITTERM] error: error log
2025-05-16T11:13:06.177Z [ITTERM] warn: warn log
2025-05-16T11:13:06.177Z [ITTERM] info: info log
2025-05-16T11:28:47.815Z [ITTERM] info: oddiy log
2025-05-16T11:28:47.818Z [ITTERM] error: error log
2025-05-16T11:28:47.818Z [ITTERM] warn: warn log
2025-05-16T11:28:47.818Z [ITTERM] info: info log
2025-05-16T11:29:40.175Z [ITTERM] info: oddiy log
2025-05-16T11:29:40.177Z [ITTERM] error: error log
2025-05-16T11:29:40.177Z [ITTERM] warn: warn log
2025-05-16T11:29:40.177Z [ITTERM] info: info log
2025-05-16T11:30:20.423Z [ITTERM] info: oddiy log
2025-05-16T11:30:20.425Z [ITTERM] error: error log
2025-05-16T11:30:20.425Z [ITTERM] warn: warn log
2025-05-16T11:30:20.425Z [ITTERM] info: info log
2025-05-16T11:31:07.835Z [ITTERM] info: oddiy log
2025-05-16T11:31:07.837Z [ITTERM] error: error log
2025-05-16T11:31:07.837Z [ITTERM] warn: warn log
2025-05-16T11:31:07.837Z [ITTERM] info: info log
2025-05-16T11:31:13.931Z [ITTERM] info: oddiy log
2025-05-16T11:31:13.932Z [ITTERM] error: error log
2025-05-16T11:31:13.933Z [ITTERM] warn: warn log
2025-05-16T11:31:13.933Z [ITTERM] info: info log
2025-05-16T11:31:25.028Z [ITTERM] info: oddiy log
2025-05-16T11:31:25.030Z [ITTERM] error: error log
2025-05-16T11:31:25.030Z [ITTERM] warn: warn log
2025-05-16T11:31:25.030Z [ITTERM] info: info log
2025-05-16T11:31:29.980Z [ITTERM] info: oddiy log
2025-05-16T11:31:29.981Z [ITTERM] error: error log
2025-05-16T11:31:29.982Z [ITTERM] warn: warn log
2025-05-16T11:31:29.982Z [ITTERM] info: info log
2025-05-16T11:31:36.185Z [ITTERM] info: oddiy log
2025-05-16T11:31:36.187Z [ITTERM] error: error log
2025-05-16T11:31:36.187Z [ITTERM] warn: warn log
2025-05-16T11:31:36.187Z [ITTERM] info: info log
2025-05-16T11:31:38.745Z [ITTERM] info: oddiy log
2025-05-16T11:31:38.747Z [ITTERM] error: error log
2025-05-16T11:31:38.747Z [ITTERM] warn: warn log
2025-05-16T11:31:38.747Z [ITTERM] info: info log
2025-05-16T11:31:42.263Z [ITTERM] info: oddiy log
2025-05-16T11:31:42.265Z [ITTERM] error: error log
2025-05-16T11:31:42.265Z [ITTERM] warn: warn log
2025-05-16T11:31:42.265Z [ITTERM] info: info log
2025-05-16T11:31:45.970Z [ITTERM] info: oddiy log
2025-05-16T11:31:45.971Z [ITTERM] error: error log
2025-05-16T11:31:45.972Z [ITTERM] warn: warn log
2025-05-16T11:31:45.972Z [ITTERM] info: info log
2025-05-16T11:31:48.927Z [ITTERM] info: oddiy log
2025-05-16T11:31:48.929Z [ITTERM] error: error log
2025-05-16T11:31:48.929Z [ITTERM] warn: warn log
2025-05-16T11:31:48.929Z [ITTERM] info: info log
2025-05-16T11:31:53.667Z [ITTERM] info: oddiy log
2025-05-16T11:31:53.668Z [ITTERM] error: error log
2025-05-16T11:31:53.669Z [ITTERM] warn: warn log
2025-05-16T11:31:53.669Z [ITTERM] info: info log
2025-05-16T11:32:04.673Z [ITTERM] info: oddiy log
2025-05-16T11:32:04.676Z [ITTERM] error: error log
2025-05-16T11:32:04.676Z [ITTERM] warn: warn log
2025-05-16T11:32:04.676Z [ITTERM] info: info log
2025-05-16T11:39:26.895Z [ITTERM] info: oddiy log
2025-05-16T11:39:26.897Z [ITTERM] error: error log
2025-05-16T11:39:26.897Z [ITTERM] warn: warn log
2025-05-16T11:39:26.898Z [ITTERM] info: info log
2025-05-16T11:43:05.211Z [ITTERM] info: oddiy log
2025-05-16T11:43:05.213Z [ITTERM] error: error log
2025-05-16T11:43:05.213Z [ITTERM] warn: warn log
2025-05-16T11:43:05.213Z [ITTERM] info: info log
2025-05-16T11:45:39.572Z [ITTERM] info: oddiy log
2025-05-16T11:45:39.574Z [ITTERM] error: error log
2025-05-16T11:45:39.574Z [ITTERM] warn: warn log
2025-05-16T11:45:39.574Z [ITTERM] info: info log
2025-05-16T11:46:43.111Z [ITTERM] info: oddiy log
2025-05-16T11:46:43.113Z [ITTERM] error: error log
2025-05-16T11:46:43.113Z [ITTERM] warn: warn log
2025-05-16T11:46:43.113Z [ITTERM] info: info log
2025-05-16T11:46:57.154Z [ITTERM] info: oddiy log
2025-05-16T11:46:57.156Z [ITTERM] error: error log
2025-05-16T11:46:57.156Z [ITTERM] warn: warn log
2025-05-16T11:46:57.156Z [ITTERM] info: info log
2025-05-16T11:47:06.227Z [ITTERM] info: oddiy log
2025-05-16T11:47:06.228Z [ITTERM] error: error log
2025-05-16T11:47:06.229Z [ITTERM] warn: warn log
2025-05-16T11:47:06.229Z [ITTERM] info: info log
2025-05-16T11:47:08.597Z [ITTERM] info: oddiy log
2025-05-16T11:47:08.598Z [ITTERM] error: error log
2025-05-16T11:47:08.598Z [ITTERM] warn: warn log
2025-05-16T11:47:08.598Z [ITTERM] info: info log
2025-05-16T11:50:59.024Z [ITTERM] error: Expected ',' or '}' after property value in JSON at position 42 (line 3 column 5)
2025-05-16T12:09:46.011Z [ITTERM] error: Expected ',' or '}' after property value in JSON at position 42 (line 3 column 5)
2025-05-16T12:16:21.659Z [ITTERM] error: Expected ',' or '}' after property value in JSON at position 42 (line 3 column 5)
2025-05-16T12:17:17.185Z [ITTERM] error: Expected ',' or '}' after property value in JSON at position 42 (line 3 column 5)
